2016-10-19 09:38:42,576 [Worker-20] INFO  o.e.m.c.i.l.LifecycleMappingFactory - Using org.maven.ide.eclipse.wtp.EjbLifecycleMapping lifecycle mapping for MavenProject: com.wifiwireless:wifiwirelessdatabase:0.0.1-SNAPSHOT @ F:\WifiWirelessProject\LatestUpdate\sms\Bandanawifiwireless\wifiwirelessdatabase\pom.xml.
2016-10-19 09:38:43,647 [Worker-20] INFO  o.e.m.c.i.l.LifecycleMappingFactory - Using org.eclipse.m2e.jdt.JarLifecycleMapping lifecycle mapping for MavenProject: com.persistence:wifiwirelesspersistence:0.0.1-SNAPSHOT @ F:\WifiWirelessProject\LatestUpdate\sms\Bandanawifiwireless\wifiwirelesspersistence\pom.xml.
2016-10-19 09:38:43,872 [Worker-20] INFO  o.e.m.c.i.l.LifecycleMappingFactory - Using org.maven.ide.eclipse.wtp.WarLifecycleMapping lifecycle mapping for MavenProject: com.wifiwirelesss.webservice:wifiwirelesss:0.0.1-SNAPSHOT @ F:\WifiWirelessProject\LatestUpdate\sms\Bandanawifiwireless\wifiwirelesss\pom.xml.
2016-10-19 09:38:45,803 [Worker-20] WARN  o.e.m.c.i.embedder.EclipseLogger - The artifact org.apache.commons:commons-io:jar:1.3.2 has been relocated to commons-io:commons-io:jar:1.3.2
2016-10-19 09:38:46,410 [Worker-20] INFO  o.e.m.c.i.l.LifecycleMappingFactory - Using org.maven.ide.eclipse.wtp.WarLifecycleMapping lifecycle mapping for MavenProject: com.wifi.web:Wifiwirelessweb:0.0.1-SNAPSHOT @ F:\WifiWirelessProject\LatestUpdate\sms\Bandanawifiwireless\Wifiwirelessweb\pom.xml.
2016-10-19 09:38:46,910 [Worker-20] WARN  o.e.m.c.i.embedder.EclipseLogger - The artifact org.apache.commons:commons-io:jar:1.3.2 has been relocated to commons-io:commons-io:jar:1.3.2
2016-10-19 09:38:48,550 [Worker-20] INFO  o.e.m.j.i.AbstractJavaProjectConfigurator - Adding source folder /wifiwirelesspersistence/src/main/java
2016-10-19 09:38:48,551 [Worker-20] INFO  o.e.m.j.i.AbstractJavaProjectConfigurator - Adding source folder /wifiwirelesspersistence/src/test/java
2016-10-19 09:38:48,699 [Worker-20] INFO  o.e.m.j.i.AbstractJavaProjectConfigurator - Adding source folder /wifiwirelessdatabase/src/main/java
2016-10-19 09:38:48,700 [Worker-20] INFO  o.e.m.j.i.AbstractJavaProjectConfigurator - Adding resource folder /wifiwirelessdatabase/src/main/resources
2016-10-19 09:38:48,700 [Worker-20] INFO  o.e.m.j.i.AbstractJavaProjectConfigurator - Adding source folder /wifiwirelessdatabase/src/test/java
2016-10-19 09:38:48,904 [Worker-20] ERROR o.e.m2e.wtp.WTPProjectConfigurator - Unable to configure wifiwirelessdatabase
org.eclipse.m2e.wtp.MarkedException: Unable to configure wifiwirelessdatabase
	at org.eclipse.m2e.wtp.AbstractProjectConfiguratorDelegate.configureProject(AbstractProjectConfiguratorDelegate.java:98) ~[na:na]
	at org.eclipse.m2e.wtp.WTPProjectConfigurator.configure(WTPProjectConfigurator.java:68) ~[na:na]
	at org.eclipse.m2e.core.project.configurator.AbstractLifecycleMapping.configure(AbstractLifecycleMapping.java:120) [org.eclipse.m2e.core_1.7.0.20160603-1933.jar:na]
	at org.eclipse.m2e.core.internal.project.ProjectConfigurationManager$3.call(ProjectConfigurationManager.java:501) [org.eclipse.m2e.core_1.7.0.20160603-1933.jar:na]
	at org.eclipse.m2e.core.internal.project.ProjectConfigurationManager$3.call(ProjectConfigurationManager.java:1) [org.eclipse.m2e.core_1.7.0.20160603-1933.jar:na]
	at org.eclipse.m2e.core.internal.embedder.MavenExecutionContext.executeBare(MavenExecutionContext.java:176) [org.eclipse.m2e.core_1.7.0.20160603-1933.jar:na]
	at org.eclipse.m2e.core.internal.embedder.MavenExecutionContext.execute(MavenExecutionContext.java:151) [org.eclipse.m2e.core_1.7.0.20160603-1933.jar:na]
	at org.eclipse.m2e.core.internal.project.ProjectConfigurationManager.updateProjectConfiguration(ProjectConfigurationManager.java:494) [org.eclipse.m2e.core_1.7.0.20160603-1933.jar:na]
	at org.eclipse.m2e.core.internal.project.ProjectConfigurationManager.configureNewMavenProjects(ProjectConfigurationManager.java:281) [org.eclipse.m2e.core_1.7.0.20160603-1933.jar:na]
	at org.eclipse.m2e.core.internal.project.ProjectConfigurationManager$1.call(ProjectConfigurationManager.java:168) [org.eclipse.m2e.core_1.7.0.20160603-1933.jar:na]
	at org.eclipse.m2e.core.internal.project.ProjectConfigurationManager$1.call(ProjectConfigurationManager.java:1) [org.eclipse.m2e.core_1.7.0.20160603-1933.jar:na]
	at org.eclipse.m2e.core.internal.embedder.MavenExecutionContext.executeBare(MavenExecutionContext.java:176) [org.eclipse.m2e.core_1.7.0.20160603-1933.jar:na]
	at org.eclipse.m2e.core.internal.embedder.MavenExecutionContext.execute(MavenExecutionContext.java:151) [org.eclipse.m2e.core_1.7.0.20160603-1933.jar:na]
	at org.eclipse.m2e.core.internal.embedder.MavenExecutionContext.execute(MavenExecutionContext.java:99) [org.eclipse.m2e.core_1.7.0.20160603-1933.jar:na]
	at org.eclipse.m2e.core.internal.embedder.MavenImpl.execute(MavenImpl.java:1355) [org.eclipse.m2e.core_1.7.0.20160603-1933.jar:na]
	at org.eclipse.m2e.core.internal.project.ProjectConfigurationManager.importProjects(ProjectConfigurationManager.java:136) [org.eclipse.m2e.core_1.7.0.20160603-1933.jar:na]
	at org.eclipse.m2e.core.ui.internal.wizards.ImportMavenProjectsJob$1.doCreateMavenProjects(ImportMavenProjectsJob.java:68) [org.eclipse.m2e.core.ui_1.7.0.20160603-1933.jar:na]
	at org.eclipse.m2e.core.ui.internal.wizards.AbstractCreateMavenProjectsOperation.run(AbstractCreateMavenProjectsOperation.java:62) [org.eclipse.m2e.core.ui_1.7.0.20160603-1933.jar:na]
	at org.eclipse.m2e.core.ui.internal.wizards.ImportMavenProjectsJob.runInWorkspace(ImportMavenProjectsJob.java:77) [org.eclipse.m2e.core.ui_1.7.0.20160603-1933.jar:na]
	at org.eclipse.core.internal.resources.InternalWorkspaceJob.run(InternalWorkspaceJob.java:39) [org.eclipse.core.resources_3.11.0.v20160503-1608.jar:na]
	at org.eclipse.core.internal.jobs.Worker.run(Worker.java:55) [org.eclipse.core.jobs_3.8.0.v20160509-0411.jar:na]
Caused by: org.eclipse.core.runtime.CoreException: One or more constraints have not been satisfied.
	at org.eclipse.wst.common.project.facet.core.internal.FacetedProject.modifyInternal(FacetedProject.java:363) ~[na:na]
	at org.eclipse.wst.common.project.facet.core.internal.FacetedProject.mergeChangesInternal(FacetedProject.java:1181) ~[na:na]
	at org.eclipse.wst.common.project.facet.core.internal.FacetedProject.access$2(FacetedProject.java:1117) ~[na:na]
	at org.eclipse.wst.common.project.facet.core.internal.FacetedProject$1.run(FacetedProject.java:324) ~[na:na]
	at org.eclipse.core.internal.resources.Workspace.run(Workspace.java:2240) ~[org.eclipse.core.resources_3.11.0.v20160503-1608.jar:na]
	at org.eclipse.core.internal.resources.Workspace.run(Workspace.java:2267) ~[org.eclipse.core.resources_3.11.0.v20160503-1608.jar:na]
	at org.eclipse.wst.common.project.facet.core.internal.FacetedProject.modify(FacetedProject.java:339) ~[na:na]
	at org.eclipse.m2e.wtp.EjbProjectConfiguratorDelegate.configure(EjbProjectConfiguratorDelegate.java:73) ~[na:na]
	at org.eclipse.m2e.wtp.AbstractProjectConfiguratorDelegate.configureProject(AbstractProjectConfiguratorDelegate.java:94) ~[na:na]
	... 20 common frames omitted
2016-10-19 09:38:48,995 [Worker-20] INFO  o.e.m.j.i.AbstractJavaProjectConfigurator - Adding source folder /wifiwirelesss/src/main/java
2016-10-19 09:38:48,995 [Worker-20] INFO  o.e.m.j.i.AbstractJavaProjectConfigurator - Adding source folder /wifiwirelesss/src/test/java
2016-10-19 09:38:50,060 [Worker-20] WARN  o.e.m.c.i.embedder.EclipseLogger - The artifact org.apache.commons:commons-io:jar:1.3.2 has been relocated to commons-io:commons-io:jar:1.3.2
2016-10-19 09:38:50,116 [Worker-20] INFO  o.e.m.j.i.AbstractJavaProjectConfigurator - Adding source folder /Wifiwirelessweb/src/main/java
2016-10-19 09:38:50,116 [Worker-20] INFO  o.e.m.j.i.AbstractJavaProjectConfigurator - Adding source folder /Wifiwirelessweb/src/test/java
2016-10-19 09:38:50,501 [Worker-20] INFO  o.e.m.c.i.p.ProjectConfigurationManager - Imported and configured 4 project(s) in 9 sec
2016-10-19 09:38:52,495 [Worker-22] WARN  o.e.m.c.i.embedder.EclipseLogger - Using platform encoding (Cp1252 actually) to copy filtered resources, i.e. build is platform dependent!
2016-10-19 09:38:52,536 [Worker-22] INFO  o.e.m.c.i.embedder.EclipseLogger - skip non existing resourceDirectory F:\WifiWirelessProject\LatestUpdate\sms\Bandanawifiwireless\wifiwirelesspersistence\src\main\resources
2016-10-19 09:38:52,538 [Worker-22] WARN  o.e.m.c.i.embedder.EclipseLogger - Using platform encoding (Cp1252 actually) to copy filtered resources, i.e. build is platform dependent!
2016-10-19 09:38:52,553 [Worker-22] INFO  o.e.m.c.i.embedder.EclipseLogger - skip non existing resourceDirectory F:\WifiWirelessProject\LatestUpdate\sms\Bandanawifiwireless\wifiwirelesspersistence\src\test\resources
2016-10-19 09:38:53,999 [Worker-22] WARN  o.e.m.c.i.embedder.EclipseLogger - Using platform encoding (Cp1252 actually) to copy filtered resources, i.e. build is platform dependent!
2016-10-19 09:38:54,033 [Worker-22] INFO  o.e.m.c.i.embedder.EclipseLogger - Copying 1 resource
2016-10-19 09:38:54,042 [Worker-22] WARN  o.e.m.c.i.embedder.EclipseLogger - Using platform encoding (Cp1252 actually) to copy filtered resources, i.e. build is platform dependent!
2016-10-19 09:38:54,055 [Worker-22] INFO  o.e.m.c.i.embedder.EclipseLogger - skip non existing resourceDirectory F:\WifiWirelessProject\LatestUpdate\sms\Bandanawifiwireless\wifiwirelessdatabase\src\test\resources
2016-10-19 09:38:59,171 [Worker-26] WARN  o.e.m.c.i.embedder.EclipseLogger - Using platform encoding (Cp1252 actually) to copy filtered resources, i.e. build is platform dependent!
2016-10-19 09:38:59,185 [Worker-26] INFO  o.e.m.c.i.embedder.EclipseLogger - skip non existing resourceDirectory F:\WifiWirelessProject\LatestUpdate\sms\Bandanawifiwireless\Wifiwirelessweb\src\main\resources
2016-10-19 09:38:59,186 [Worker-26] WARN  o.e.m.c.i.embedder.EclipseLogger - Using platform encoding (Cp1252 actually) to copy filtered resources, i.e. build is platform dependent!
2016-10-19 09:38:59,197 [Worker-26] INFO  o.e.m.c.i.embedder.EclipseLogger - skip non existing resourceDirectory F:\WifiWirelessProject\LatestUpdate\sms\Bandanawifiwireless\Wifiwirelessweb\src\test\resources
2016-10-19 09:39:00,679 [Worker-26] WARN  o.e.m.c.i.embedder.EclipseLogger - The artifact org.apache.commons:commons-io:jar:1.3.2 has been relocated to commons-io:commons-io:jar:1.3.2
2016-10-19 09:39:00,755 [Worker-26] WARN  o.e.m.c.i.embedder.EclipseLogger - Using platform encoding (Cp1252 actually) to copy filtered resources, i.e. build is platform dependent!
2016-10-19 09:39:00,771 [Worker-26] INFO  o.e.m.c.i.embedder.EclipseLogger - skip non existing resourceDirectory F:\WifiWirelessProject\LatestUpdate\sms\Bandanawifiwireless\wifiwirelesss\src\main\resources
2016-10-19 09:39:00,772 [Worker-26] WARN  o.e.m.c.i.embedder.EclipseLogger - Using platform encoding (Cp1252 actually) to copy filtered resources, i.e. build is platform dependent!
2016-10-19 09:39:00,779 [Worker-26] INFO  o.e.m.c.i.embedder.EclipseLogger - skip non existing resourceDirectory F:\WifiWirelessProject\LatestUpdate\sms\Bandanawifiwireless\wifiwirelesss\src\test\resources
2016-10-19 09:39:40,731 [Worker-26] WARN  o.e.m.c.i.embedder.EclipseLogger - Using platform encoding (Cp1252 actually) to copy filtered resources, i.e. build is platform dependent!
2016-10-19 09:39:40,759 [Worker-26] INFO  o.e.m.c.i.embedder.EclipseLogger - skip non existing resourceDirectory F:\WifiWirelessProject\LatestUpdate\sms\Bandanawifiwireless\wifiwirelesspersistence\src\main\resources
2016-10-19 09:39:40,760 [Worker-26] WARN  o.e.m.c.i.embedder.EclipseLogger - Using platform encoding (Cp1252 actually) to copy filtered resources, i.e. build is platform dependent!
2016-10-19 09:39:40,774 [Worker-26] INFO  o.e.m.c.i.embedder.EclipseLogger - skip non existing resourceDirectory F:\WifiWirelessProject\LatestUpdate\sms\Bandanawifiwireless\wifiwirelesspersistence\src\test\resources
2016-10-19 09:39:40,784 [Worker-26] WARN  o.e.m.c.i.embedder.EclipseLogger - Using platform encoding (Cp1252 actually) to copy filtered resources, i.e. build is platform dependent!
2016-10-19 09:39:40,823 [Worker-26] INFO  o.e.m.c.i.embedder.EclipseLogger - Copying 0 resource
2016-10-19 09:39:40,824 [Worker-26] WARN  o.e.m.c.i.embedder.EclipseLogger - Using platform encoding (Cp1252 actually) to copy filtered resources, i.e. build is platform dependent!
2016-10-19 09:39:40,830 [Worker-26] INFO  o.e.m.c.i.embedder.EclipseLogger - skip non existing resourceDirectory F:\WifiWirelessProject\LatestUpdate\sms\Bandanawifiwireless\wifiwirelessdatabase\src\test\resources
2016-10-19 09:39:40,839 [Worker-26] WARN  o.e.m.c.i.embedder.EclipseLogger - Using platform encoding (Cp1252 actually) to copy filtered resources, i.e. build is platform dependent!
2016-10-19 09:39:40,856 [Worker-26] INFO  o.e.m.c.i.embedder.EclipseLogger - skip non existing resourceDirectory F:\WifiWirelessProject\LatestUpdate\sms\Bandanawifiwireless\Wifiwirelessweb\src\main\resources
2016-10-19 09:39:40,857 [Worker-26] WARN  o.e.m.c.i.embedder.EclipseLogger - Using platform encoding (Cp1252 actually) to copy filtered resources, i.e. build is platform dependent!
2016-10-19 09:39:40,862 [Worker-26] INFO  o.e.m.c.i.embedder.EclipseLogger - skip non existing resourceDirectory F:\WifiWirelessProject\LatestUpdate\sms\Bandanawifiwireless\Wifiwirelessweb\src\test\resources
2016-10-19 09:39:41,037 [Worker-2] WARN  o.e.m.c.i.embedder.EclipseLogger - Using platform encoding (Cp1252 actually) to copy filtered resources, i.e. build is platform dependent!
2016-10-19 09:39:41,068 [Worker-2] INFO  o.e.m.c.i.embedder.EclipseLogger - skip non existing resourceDirectory F:\WifiWirelessProject\LatestUpdate\sms\Bandanawifiwireless\wifiwirelesss\src\main\resources
2016-10-19 09:39:41,070 [Worker-2] WARN  o.e.m.c.i.embedder.EclipseLogger - Using platform encoding (Cp1252 actually) to copy filtered resources, i.e. build is platform dependent!
2016-10-19 09:39:41,075 [Worker-2] INFO  o.e.m.c.i.embedder.EclipseLogger - skip non existing resourceDirectory F:\WifiWirelessProject\LatestUpdate\sms\Bandanawifiwireless\wifiwirelesss\src\test\resources
2016-10-19 09:40:24,307 [Worker-23] WARN  o.e.m.c.i.embedder.EclipseLogger - Using platform encoding (Cp1252 actually) to copy filtered resources, i.e. build is platform dependent!
2016-10-19 09:40:24,324 [Worker-23] INFO  o.e.m.c.i.embedder.EclipseLogger - skip non existing resourceDirectory F:\WifiWirelessProject\LatestUpdate\sms\Bandanawifiwireless\wifiwirelesss\src\main\resources
2016-10-19 09:40:24,325 [Worker-23] WARN  o.e.m.c.i.embedder.EclipseLogger - Using platform encoding (Cp1252 actually) to copy filtered resources, i.e. build is platform dependent!
2016-10-19 09:40:24,329 [Worker-23] INFO  o.e.m.c.i.embedder.EclipseLogger - skip non existing resourceDirectory F:\WifiWirelessProject\LatestUpdate\sms\Bandanawifiwireless\wifiwirelesss\src\test\resources
2016-10-19 09:40:26,571 [Worker-21] WARN  o.e.m.c.i.embedder.EclipseLogger - Using platform encoding (Cp1252 actually) to copy filtered resources, i.e. build is platform dependent!
2016-10-19 09:40:26,578 [Worker-21] INFO  o.e.m.c.i.embedder.EclipseLogger - skip non existing resourceDirectory F:\WifiWirelessProject\LatestUpdate\sms\Bandanawifiwireless\wifiwirelesss\src\main\resources
2016-10-19 09:40:26,579 [Worker-21] WARN  o.e.m.c.i.embedder.EclipseLogger - Using platform encoding (Cp1252 actually) to copy filtered resources, i.e. build is platform dependent!
2016-10-19 09:40:26,586 [Worker-21] INFO  o.e.m.c.i.embedder.EclipseLogger - skip non existing resourceDirectory F:\WifiWirelessProject\LatestUpdate\sms\Bandanawifiwireless\wifiwirelesss\src\test\resources
2016-10-19 09:40:33,657 [Worker-25] WARN  o.e.m.c.i.embedder.EclipseLogger - Using platform encoding (Cp1252 actually) to copy filtered resources, i.e. build is platform dependent!
2016-10-19 09:40:33,661 [Worker-25] INFO  o.e.m.c.i.embedder.EclipseLogger - skip non existing resourceDirectory F:\WifiWirelessProject\LatestUpdate\sms\Bandanawifiwireless\wifiwirelesss\src\main\resources
2016-10-19 09:40:33,663 [Worker-25] WARN  o.e.m.c.i.embedder.EclipseLogger - Using platform encoding (Cp1252 actually) to copy filtered resources, i.e. build is platform dependent!
2016-10-19 09:40:33,669 [Worker-25] INFO  o.e.m.c.i.embedder.EclipseLogger - skip non existing resourceDirectory F:\WifiWirelessProject\LatestUpdate\sms\Bandanawifiwireless\wifiwirelesss\src\test\resources
2016-10-19 09:40:49,010 [Worker-25] WARN  o.e.m.c.i.embedder.EclipseLogger - Using platform encoding (Cp1252 actually) to copy filtered resources, i.e. build is platform dependent!
2016-10-19 09:40:49,015 [Worker-25] INFO  o.e.m.c.i.embedder.EclipseLogger - skip non existing resourceDirectory F:\WifiWirelessProject\LatestUpdate\sms\Bandanawifiwireless\wifiwirelesss\src\main\resources
2016-10-19 09:40:49,016 [Worker-25] WARN  o.e.m.c.i.embedder.EclipseLogger - Using platform encoding (Cp1252 actually) to copy filtered resources, i.e. build is platform dependent!
2016-10-19 09:40:49,020 [Worker-25] INFO  o.e.m.c.i.embedder.EclipseLogger - skip non existing resourceDirectory F:\WifiWirelessProject\LatestUpdate\sms\Bandanawifiwireless\wifiwirelesss\src\test\resources
2016-10-19 09:42:28,564 [Worker-19] WARN  o.e.m.c.i.embedder.EclipseLogger - Using platform encoding (Cp1252 actually) to copy filtered resources, i.e. build is platform dependent!
2016-10-19 09:42:28,568 [Worker-19] INFO  o.e.m.c.i.embedder.EclipseLogger - skip non existing resourceDirectory F:\WifiWirelessProject\LatestUpdate\sms\Bandanawifiwireless\wifiwirelesss\src\main\resources
2016-10-19 09:42:28,569 [Worker-19] WARN  o.e.m.c.i.embedder.EclipseLogger - Using platform encoding (Cp1252 actually) to copy filtered resources, i.e. build is platform dependent!
2016-10-19 09:42:28,573 [Worker-19] INFO  o.e.m.c.i.embedder.EclipseLogger - skip non existing resourceDirectory F:\WifiWirelessProject\LatestUpdate\sms\Bandanawifiwireless\wifiwirelesss\src\test\resources
2016-10-19 09:44:11,908 [Worker-23] INFO  o.e.m.c.i.l.LifecycleMappingFactory - Using org.maven.ide.eclipse.wtp.WarLifecycleMapping lifecycle mapping for MavenProject: com.wifiwirelesss.webservice:wifiwirelesss:0.0.1-SNAPSHOT @ F:\WifiWirelessProject\LatestUpdate\sms\Bandanawifiwireless\wifiwirelesss\pom.xml.
2016-10-19 09:44:12,020 [Worker-23] WARN  o.e.m.c.i.embedder.EclipseLogger - The artifact org.apache.commons:commons-io:jar:1.3.2 has been relocated to commons-io:commons-io:jar:1.3.2
2016-10-19 09:44:12,202 [Worker-23] WARN  o.e.m.c.i.embedder.EclipseLogger - The artifact org.apache.commons:commons-io:jar:1.3.2 has been relocated to commons-io:commons-io:jar:1.3.2
2016-10-19 09:44:12,223 [Worker-23] WARN  o.e.m.c.i.embedder.EclipseLogger - The artifact org.apache.commons:commons-io:jar:1.3.2 has been relocated to commons-io:commons-io:jar:1.3.2
2016-10-19 09:44:12,299 [Worker-23] WARN  o.e.m.c.i.embedder.EclipseLogger - Using platform encoding (Cp1252 actually) to copy filtered resources, i.e. build is platform dependent!
2016-10-19 09:44:12,303 [Worker-23] INFO  o.e.m.c.i.embedder.EclipseLogger - skip non existing resourceDirectory F:\WifiWirelessProject\LatestUpdate\sms\Bandanawifiwireless\wifiwirelesss\src\main\resources
2016-10-19 09:44:12,304 [Worker-23] WARN  o.e.m.c.i.embedder.EclipseLogger - Using platform encoding (Cp1252 actually) to copy filtered resources, i.e. build is platform dependent!
2016-10-19 09:44:12,309 [Worker-23] INFO  o.e.m.c.i.embedder.EclipseLogger - skip non existing resourceDirectory F:\WifiWirelessProject\LatestUpdate\sms\Bandanawifiwireless\wifiwirelesss\src\test\resources
2016-10-19 09:44:12,309 [Worker-23] INFO  o.e.m.w.i.f.ResourceFilteringBuildParticipant - Changed resources require a complete clean of filtered resources of wifiwirelesss
2016-10-19 09:44:12,310 [Worker-23] INFO  o.e.m.w.i.f.ResourceFilteringBuildParticipant - Executing resource filtering for wifiwirelesss
2016-10-19 09:44:12,317 [Worker-23] WARN  o.e.m.c.i.embedder.EclipseLogger - Using platform encoding (Cp1252 actually) to copy filtered resources, i.e. build is platform dependent!
2016-10-19 09:44:13,767 [Worker-20] WARN  o.e.m.c.i.embedder.EclipseLogger - The artifact org.apache.commons:commons-io:jar:1.3.2 has been relocated to commons-io:commons-io:jar:1.3.2
2016-10-19 09:44:13,780 [Worker-20] WARN  o.e.m.c.i.embedder.EclipseLogger - Using platform encoding (Cp1252 actually) to copy filtered resources, i.e. build is platform dependent!
2016-10-19 09:44:13,785 [Worker-20] INFO  o.e.m.c.i.embedder.EclipseLogger - skip non existing resourceDirectory F:\WifiWirelessProject\LatestUpdate\sms\Bandanawifiwireless\wifiwirelesss\src\main\resources
2016-10-19 09:44:13,786 [Worker-20] WARN  o.e.m.c.i.embedder.EclipseLogger - Using platform encoding (Cp1252 actually) to copy filtered resources, i.e. build is platform dependent!
2016-10-19 09:44:13,791 [Worker-20] INFO  o.e.m.c.i.embedder.EclipseLogger - skip non existing resourceDirectory F:\WifiWirelessProject\LatestUpdate\sms\Bandanawifiwireless\wifiwirelesss\src\test\resources
2016-10-19 09:44:20,200 [Worker-26] WARN  o.e.m.c.i.embedder.EclipseLogger - Using platform encoding (Cp1252 actually) to copy filtered resources, i.e. build is platform dependent!
2016-10-19 09:44:20,205 [Worker-26] INFO  o.e.m.c.i.embedder.EclipseLogger - skip non existing resourceDirectory F:\WifiWirelessProject\LatestUpdate\sms\Bandanawifiwireless\wifiwirelesss\src\main\resources
2016-10-19 09:44:20,207 [Worker-26] WARN  o.e.m.c.i.embedder.EclipseLogger - Using platform encoding (Cp1252 actually) to copy filtered resources, i.e. build is platform dependent!
2016-10-19 09:44:20,212 [Worker-26] INFO  o.e.m.c.i.embedder.EclipseLogger - skip non existing resourceDirectory F:\WifiWirelessProject\LatestUpdate\sms\Bandanawifiwireless\wifiwirelesss\src\test\resources
2016-10-19 09:45:23,071 [Worker-20] WARN  o.e.m.c.i.embedder.EclipseLogger - Using platform encoding (Cp1252 actually) to copy filtered resources, i.e. build is platform dependent!
2016-10-19 09:45:23,076 [Worker-20] INFO  o.e.m.c.i.embedder.EclipseLogger - skip non existing resourceDirectory F:\WifiWirelessProject\LatestUpdate\sms\Bandanawifiwireless\wifiwirelesss\src\main\resources
2016-10-19 09:45:23,077 [Worker-20] WARN  o.e.m.c.i.embedder.EclipseLogger - Using platform encoding (Cp1252 actually) to copy filtered resources, i.e. build is platform dependent!
2016-10-19 09:45:23,085 [Worker-20] INFO  o.e.m.c.i.embedder.EclipseLogger - skip non existing resourceDirectory F:\WifiWirelessProject\LatestUpdate\sms\Bandanawifiwireless\wifiwirelesss\src\test\resources
2016-10-19 09:46:24,677 [Worker-26] WARN  o.e.m.c.i.embedder.EclipseLogger - Using platform encoding (Cp1252 actually) to copy filtered resources, i.e. build is platform dependent!
2016-10-19 09:46:24,683 [Worker-26] INFO  o.e.m.c.i.embedder.EclipseLogger - skip non existing resourceDirectory F:\WifiWirelessProject\LatestUpdate\sms\Bandanawifiwireless\wifiwirelesss\src\main\resources
2016-10-19 09:46:24,684 [Worker-26] WARN  o.e.m.c.i.embedder.EclipseLogger - Using platform encoding (Cp1252 actually) to copy filtered resources, i.e. build is platform dependent!
2016-10-19 09:46:24,690 [Worker-26] INFO  o.e.m.c.i.embedder.EclipseLogger - skip non existing resourceDirectory F:\WifiWirelessProject\LatestUpdate\sms\Bandanawifiwireless\wifiwirelesss\src\test\resources
2016-10-19 09:46:50,443 [Worker-2] WARN  o.e.m.c.i.embedder.EclipseLogger - Using platform encoding (Cp1252 actually) to copy filtered resources, i.e. build is platform dependent!
2016-10-19 09:46:50,447 [Worker-2] INFO  o.e.m.c.i.embedder.EclipseLogger - skip non existing resourceDirectory F:\WifiWirelessProject\LatestUpdate\sms\Bandanawifiwireless\wifiwirelesss\src\main\resources
2016-10-19 09:46:50,448 [Worker-2] WARN  o.e.m.c.i.embedder.EclipseLogger - Using platform encoding (Cp1252 actually) to copy filtered resources, i.e. build is platform dependent!
2016-10-19 09:46:50,452 [Worker-2] INFO  o.e.m.c.i.embedder.EclipseLogger - skip non existing resourceDirectory F:\WifiWirelessProject\LatestUpdate\sms\Bandanawifiwireless\wifiwirelesss\src\test\resources
2016-10-19 09:48:34,048 [Worker-21] WARN  o.e.m.c.i.embedder.EclipseLogger - Using platform encoding (Cp1252 actually) to copy filtered resources, i.e. build is platform dependent!
2016-10-19 09:48:34,053 [Worker-21] INFO  o.e.m.c.i.embedder.EclipseLogger - skip non existing resourceDirectory F:\WifiWirelessProject\LatestUpdate\sms\Bandanawifiwireless\wifiwirelesss\src\main\resources
2016-10-19 09:48:34,054 [Worker-21] WARN  o.e.m.c.i.embedder.EclipseLogger - Using platform encoding (Cp1252 actually) to copy filtered resources, i.e. build is platform dependent!
2016-10-19 09:48:34,059 [Worker-21] INFO  o.e.m.c.i.embedder.EclipseLogger - skip non existing resourceDirectory F:\WifiWirelessProject\LatestUpdate\sms\Bandanawifiwireless\wifiwirelesss\src\test\resources
2016-10-19 09:48:54,463 [Worker-27] WARN  o.e.m.c.i.embedder.EclipseLogger - Using platform encoding (Cp1252 actually) to copy filtered resources, i.e. build is platform dependent!
2016-10-19 09:48:54,471 [Worker-27] INFO  o.e.m.c.i.embedder.EclipseLogger - skip non existing resourceDirectory F:\WifiWirelessProject\LatestUpdate\sms\Bandanawifiwireless\wifiwirelesss\src\main\resources
2016-10-19 09:48:54,472 [Worker-27] WARN  o.e.m.c.i.embedder.EclipseLogger - Using platform encoding (Cp1252 actually) to copy filtered resources, i.e. build is platform dependent!
2016-10-19 09:48:54,476 [Worker-27] INFO  o.e.m.c.i.embedder.EclipseLogger - skip non existing resourceDirectory F:\WifiWirelessProject\LatestUpdate\sms\Bandanawifiwireless\wifiwirelesss\src\test\resources
2016-10-19 09:52:18,863 [Worker-13] WARN  o.e.m.c.i.embedder.EclipseLogger - Using platform encoding (Cp1252 actually) to copy filtered resources, i.e. build is platform dependent!
2016-10-19 09:52:18,869 [Worker-13] INFO  o.e.m.c.i.embedder.EclipseLogger - skip non existing resourceDirectory F:\WifiWirelessProject\LatestUpdate\sms\Bandanawifiwireless\wifiwirelesss\src\main\resources
2016-10-19 09:52:18,870 [Worker-13] WARN  o.e.m.c.i.embedder.EclipseLogger - Using platform encoding (Cp1252 actually) to copy filtered resources, i.e. build is platform dependent!
2016-10-19 09:52:18,874 [Worker-13] INFO  o.e.m.c.i.embedder.EclipseLogger - skip non existing resourceDirectory F:\WifiWirelessProject\LatestUpdate\sms\Bandanawifiwireless\wifiwirelesss\src\test\resources
2016-10-19 09:52:22,666 [Worker-26] WARN  o.e.m.c.i.embedder.EclipseLogger - Using platform encoding (Cp1252 actually) to copy filtered resources, i.e. build is platform dependent!
2016-10-19 09:52:22,670 [Worker-26] INFO  o.e.m.c.i.embedder.EclipseLogger - skip non existing resourceDirectory F:\WifiWirelessProject\LatestUpdate\sms\Bandanawifiwireless\wifiwirelesss\src\main\resources
2016-10-19 09:52:22,672 [Worker-26] WARN  o.e.m.c.i.embedder.EclipseLogger - Using platform encoding (Cp1252 actually) to copy filtered resources, i.e. build is platform dependent!
2016-10-19 09:52:22,676 [Worker-26] INFO  o.e.m.c.i.embedder.EclipseLogger - skip non existing resourceDirectory F:\WifiWirelessProject\LatestUpdate\sms\Bandanawifiwireless\wifiwirelesss\src\test\resources
2016-10-19 09:52:28,868 [Worker-32] WARN  o.e.m.c.i.embedder.EclipseLogger - Using platform encoding (Cp1252 actually) to copy filtered resources, i.e. build is platform dependent!
2016-10-19 09:52:28,873 [Worker-32] INFO  o.e.m.c.i.embedder.EclipseLogger - skip non existing resourceDirectory F:\WifiWirelessProject\LatestUpdate\sms\Bandanawifiwireless\wifiwirelesss\src\main\resources
2016-10-19 09:52:28,874 [Worker-32] WARN  o.e.m.c.i.embedder.EclipseLogger - Using platform encoding (Cp1252 actually) to copy filtered resources, i.e. build is platform dependent!
2016-10-19 09:52:28,884 [Worker-32] INFO  o.e.m.c.i.embedder.EclipseLogger - skip non existing resourceDirectory F:\WifiWirelessProject\LatestUpdate\sms\Bandanawifiwireless\wifiwirelesss\src\test\resources
2016-10-19 09:57:03,968 [Worker-29] WARN  o.e.m.c.i.embedder.EclipseLogger - Using platform encoding (Cp1252 actually) to copy filtered resources, i.e. build is platform dependent!
2016-10-19 09:57:04,003 [Worker-29] INFO  o.e.m.c.i.embedder.EclipseLogger - Copying 1 resource
2016-10-19 09:57:04,005 [Worker-29] WARN  o.e.m.c.i.embedder.EclipseLogger - Using platform encoding (Cp1252 actually) to copy filtered resources, i.e. build is platform dependent!
2016-10-19 09:57:04,011 [Worker-29] INFO  o.e.m.c.i.embedder.EclipseLogger - skip non existing resourceDirectory F:\WifiWirelessProject\LatestUpdate\sms\Bandanawifiwireless\wifiwirelessdatabase\src\test\resources
2016-10-19 09:57:11,942 [Worker-13] WARN  o.e.m.c.i.embedder.EclipseLogger - Using platform encoding (Cp1252 actually) to copy filtered resources, i.e. build is platform dependent!
2016-10-19 09:57:11,946 [Worker-13] INFO  o.e.m.c.i.embedder.EclipseLogger - skip non existing resourceDirectory F:\WifiWirelessProject\LatestUpdate\sms\Bandanawifiwireless\wifiwirelesspersistence\src\main\resources
2016-10-19 09:57:11,947 [Worker-13] WARN  o.e.m.c.i.embedder.EclipseLogger - Using platform encoding (Cp1252 actually) to copy filtered resources, i.e. build is platform dependent!
2016-10-19 09:57:11,952 [Worker-13] INFO  o.e.m.c.i.embedder.EclipseLogger - skip non existing resourceDirectory F:\WifiWirelessProject\LatestUpdate\sms\Bandanawifiwireless\wifiwirelesspersistence\src\test\resources
2016-10-19 09:58:38,012 [Worker-35] WARN  o.e.m.c.i.embedder.EclipseLogger - Using platform encoding (Cp1252 actually) to copy filtered resources, i.e. build is platform dependent!
2016-10-19 09:58:38,030 [Worker-35] INFO  o.e.m.c.i.embedder.EclipseLogger - Copying 1 resource
2016-10-19 09:58:38,032 [Worker-35] WARN  o.e.m.c.i.embedder.EclipseLogger - Using platform encoding (Cp1252 actually) to copy filtered resources, i.e. build is platform dependent!
2016-10-19 09:58:38,046 [Worker-35] INFO  o.e.m.c.i.embedder.EclipseLogger - skip non existing resourceDirectory F:\WifiWirelessProject\LatestUpdate\sms\Bandanawifiwireless\wifiwirelessdatabase\src\test\resources
2016-10-19 09:58:38,115 [Worker-35] WARN  o.e.m.c.i.embedder.EclipseLogger - Using platform encoding (Cp1252 actually) to copy filtered resources, i.e. build is platform dependent!
2016-10-19 09:58:38,121 [Worker-35] INFO  o.e.m.c.i.embedder.EclipseLogger - skip non existing resourceDirectory F:\WifiWirelessProject\LatestUpdate\sms\Bandanawifiwireless\wifiwirelesss\src\main\resources
2016-10-19 09:58:38,122 [Worker-35] WARN  o.e.m.c.i.embedder.EclipseLogger - Using platform encoding (Cp1252 actually) to copy filtered resources, i.e. build is platform dependent!
2016-10-19 09:58:38,130 [Worker-35] INFO  o.e.m.c.i.embedder.EclipseLogger - skip non existing resourceDirectory F:\WifiWirelessProject\LatestUpdate\sms\Bandanawifiwireless\wifiwirelesss\src\test\resources
2016-10-19 09:59:56,849 [Worker-38] WARN  o.e.m.c.i.embedder.EclipseLogger - Using platform encoding (Cp1252 actually) to copy filtered resources, i.e. build is platform dependent!
2016-10-19 09:59:56,854 [Worker-38] INFO  o.e.m.c.i.embedder.EclipseLogger - skip non existing resourceDirectory F:\WifiWirelessProject\LatestUpdate\sms\Bandanawifiwireless\wifiwirelesss\src\main\resources
2016-10-19 09:59:56,855 [Worker-38] WARN  o.e.m.c.i.embedder.EclipseLogger - Using platform encoding (Cp1252 actually) to copy filtered resources, i.e. build is platform dependent!
2016-10-19 09:59:56,859 [Worker-38] INFO  o.e.m.c.i.embedder.EclipseLogger - skip non existing resourceDirectory F:\WifiWirelessProject\LatestUpdate\sms\Bandanawifiwireless\wifiwirelesss\src\test\resources
2016-10-19 10:00:14,969 [Worker-33] WARN  o.e.m.c.i.embedder.EclipseLogger - Using platform encoding (Cp1252 actually) to copy filtered resources, i.e. build is platform dependent!
2016-10-19 10:00:14,974 [Worker-33] INFO  o.e.m.c.i.embedder.EclipseLogger - skip non existing resourceDirectory F:\WifiWirelessProject\LatestUpdate\sms\Bandanawifiwireless\wifiwirelesss\src\main\resources
2016-10-19 10:00:14,975 [Worker-33] WARN  o.e.m.c.i.embedder.EclipseLogger - Using platform encoding (Cp1252 actually) to copy filtered resources, i.e. build is platform dependent!
2016-10-19 10:00:14,987 [Worker-33] INFO  o.e.m.c.i.embedder.EclipseLogger - skip non existing resourceDirectory F:\WifiWirelessProject\LatestUpdate\sms\Bandanawifiwireless\wifiwirelesss\src\test\resources
2016-10-19 10:00:50,925 [Worker-38] WARN  o.e.m.c.i.embedder.EclipseLogger - Using platform encoding (Cp1252 actually) to copy filtered resources, i.e. build is platform dependent!
2016-10-19 10:00:50,929 [Worker-38] INFO  o.e.m.c.i.embedder.EclipseLogger - skip non existing resourceDirectory F:\WifiWirelessProject\LatestUpdate\sms\Bandanawifiwireless\wifiwirelesss\src\main\resources
2016-10-19 10:00:50,929 [Worker-38] WARN  o.e.m.c.i.embedder.EclipseLogger - Using platform encoding (Cp1252 actually) to copy filtered resources, i.e. build is platform dependent!
2016-10-19 10:00:50,935 [Worker-38] INFO  o.e.m.c.i.embedder.EclipseLogger - skip non existing resourceDirectory F:\WifiWirelessProject\LatestUpdate\sms\Bandanawifiwireless\wifiwirelesss\src\test\resources
2016-10-19 10:00:55,651 [Worker-35] WARN  o.e.m.c.i.embedder.EclipseLogger - Using platform encoding (Cp1252 actually) to copy filtered resources, i.e. build is platform dependent!
2016-10-19 10:00:55,667 [Worker-35] INFO  o.e.m.c.i.embedder.EclipseLogger - skip non existing resourceDirectory F:\WifiWirelessProject\LatestUpdate\sms\Bandanawifiwireless\wifiwirelesss\src\main\resources
2016-10-19 10:00:55,669 [Worker-35] WARN  o.e.m.c.i.embedder.EclipseLogger - Using platform encoding (Cp1252 actually) to copy filtered resources, i.e. build is platform dependent!
2016-10-19 10:00:55,674 [Worker-35] INFO  o.e.m.c.i.embedder.EclipseLogger - skip non existing resourceDirectory F:\WifiWirelessProject\LatestUpdate\sms\Bandanawifiwireless\wifiwirelesss\src\test\resources
2016-10-19 10:01:16,851 [Worker-26] WARN  o.e.m.c.i.embedder.EclipseLogger - Using platform encoding (Cp1252 actually) to copy filtered resources, i.e. build is platform dependent!
2016-10-19 10:01:16,856 [Worker-26] INFO  o.e.m.c.i.embedder.EclipseLogger - skip non existing resourceDirectory F:\WifiWirelessProject\LatestUpdate\sms\Bandanawifiwireless\wifiwirelesss\src\main\resources
2016-10-19 10:01:16,857 [Worker-26] WARN  o.e.m.c.i.embedder.EclipseLogger - Using platform encoding (Cp1252 actually) to copy filtered resources, i.e. build is platform dependent!
2016-10-19 10:01:16,862 [Worker-26] INFO  o.e.m.c.i.embedder.EclipseLogger - skip non existing resourceDirectory F:\WifiWirelessProject\LatestUpdate\sms\Bandanawifiwireless\wifiwirelesss\src\test\resources
2016-10-19 10:01:21,469 [Worker-41] WARN  o.e.m.c.i.embedder.EclipseLogger - Using platform encoding (Cp1252 actually) to copy filtered resources, i.e. build is platform dependent!
2016-10-19 10:01:21,474 [Worker-41] INFO  o.e.m.c.i.embedder.EclipseLogger - skip non existing resourceDirectory F:\WifiWirelessProject\LatestUpdate\sms\Bandanawifiwireless\wifiwirelesss\src\main\resources
2016-10-19 10:01:21,475 [Worker-41] WARN  o.e.m.c.i.embedder.EclipseLogger - Using platform encoding (Cp1252 actually) to copy filtered resources, i.e. build is platform dependent!
2016-10-19 10:01:21,480 [Worker-41] INFO  o.e.m.c.i.embedder.EclipseLogger - skip non existing resourceDirectory F:\WifiWirelessProject\LatestUpdate\sms\Bandanawifiwireless\wifiwirelesss\src\test\resources
2016-10-19 10:01:53,008 [Worker-38] WARN  o.e.m.c.i.embedder.EclipseLogger - Using platform encoding (Cp1252 actually) to copy filtered resources, i.e. build is platform dependent!
2016-10-19 10:01:53,013 [Worker-38] INFO  o.e.m.c.i.embedder.EclipseLogger - skip non existing resourceDirectory F:\WifiWirelessProject\LatestUpdate\sms\Bandanawifiwireless\wifiwirelesss\src\main\resources
2016-10-19 10:01:53,014 [Worker-38] WARN  o.e.m.c.i.embedder.EclipseLogger - Using platform encoding (Cp1252 actually) to copy filtered resources, i.e. build is platform dependent!
2016-10-19 10:01:53,018 [Worker-38] INFO  o.e.m.c.i.embedder.EclipseLogger - skip non existing resourceDirectory F:\WifiWirelessProject\LatestUpdate\sms\Bandanawifiwireless\wifiwirelesss\src\test\resources
2016-10-19 10:03:55,079 [Worker-36] WARN  o.e.m.c.i.embedder.EclipseLogger - Using platform encoding (Cp1252 actually) to copy filtered resources, i.e. build is platform dependent!
2016-10-19 10:03:55,084 [Worker-36] INFO  o.e.m.c.i.embedder.EclipseLogger - skip non existing resourceDirectory F:\WifiWirelessProject\LatestUpdate\sms\Bandanawifiwireless\wifiwirelesss\src\main\resources
2016-10-19 10:03:55,085 [Worker-36] WARN  o.e.m.c.i.embedder.EclipseLogger - Using platform encoding (Cp1252 actually) to copy filtered resources, i.e. build is platform dependent!
2016-10-19 10:03:55,094 [Worker-36] INFO  o.e.m.c.i.embedder.EclipseLogger - skip non existing resourceDirectory F:\WifiWirelessProject\LatestUpdate\sms\Bandanawifiwireless\wifiwirelesss\src\test\resources
2016-10-19 10:03:59,224 [Worker-33] WARN  o.e.m.c.i.embedder.EclipseLogger - Using platform encoding (Cp1252 actually) to copy filtered resources, i.e. build is platform dependent!
2016-10-19 10:03:59,228 [Worker-33] INFO  o.e.m.c.i.embedder.EclipseLogger - skip non existing resourceDirectory F:\WifiWirelessProject\LatestUpdate\sms\Bandanawifiwireless\wifiwirelesss\src\main\resources
2016-10-19 10:03:59,229 [Worker-33] WARN  o.e.m.c.i.embedder.EclipseLogger - Using platform encoding (Cp1252 actually) to copy filtered resources, i.e. build is platform dependent!
2016-10-19 10:03:59,233 [Worker-33] INFO  o.e.m.c.i.embedder.EclipseLogger - skip non existing resourceDirectory F:\WifiWirelessProject\LatestUpdate\sms\Bandanawifiwireless\wifiwirelesss\src\test\resources
2016-10-19 10:05:06,520 [Worker-40] WARN  o.e.m.c.i.embedder.EclipseLogger - Using platform encoding (Cp1252 actually) to copy filtered resources, i.e. build is platform dependent!
2016-10-19 10:05:06,525 [Worker-40] INFO  o.e.m.c.i.embedder.EclipseLogger - skip non existing resourceDirectory F:\WifiWirelessProject\LatestUpdate\sms\Bandanawifiwireless\wifiwirelesss\src\main\resources
2016-10-19 10:05:06,525 [Worker-40] WARN  o.e.m.c.i.embedder.EclipseLogger - Using platform encoding (Cp1252 actually) to copy filtered resources, i.e. build is platform dependent!
2016-10-19 10:05:06,531 [Worker-40] INFO  o.e.m.c.i.embedder.EclipseLogger - skip non existing resourceDirectory F:\WifiWirelessProject\LatestUpdate\sms\Bandanawifiwireless\wifiwirelesss\src\test\resources
2016-10-19 10:05:43,311 [Worker-13] WARN  o.e.m.c.i.embedder.EclipseLogger - Using platform encoding (Cp1252 actually) to copy filtered resources, i.e. build is platform dependent!
2016-10-19 10:05:43,316 [Worker-13] INFO  o.e.m.c.i.embedder.EclipseLogger - skip non existing resourceDirectory F:\WifiWirelessProject\LatestUpdate\sms\Bandanawifiwireless\wifiwirelesss\src\main\resources
2016-10-19 10:05:43,317 [Worker-13] WARN  o.e.m.c.i.embedder.EclipseLogger - Using platform encoding (Cp1252 actually) to copy filtered resources, i.e. build is platform dependent!
2016-10-19 10:05:43,322 [Worker-13] INFO  o.e.m.c.i.embedder.EclipseLogger - skip non existing resourceDirectory F:\WifiWirelessProject\LatestUpdate\sms\Bandanawifiwireless\wifiwirelesss\src\test\resources
2016-10-19 10:06:10,694 [Worker-38] WARN  o.e.m.c.i.embedder.EclipseLogger - Using platform encoding (Cp1252 actually) to copy filtered resources, i.e. build is platform dependent!
2016-10-19 10:06:10,698 [Worker-38] INFO  o.e.m.c.i.embedder.EclipseLogger - skip non existing resourceDirectory F:\WifiWirelessProject\LatestUpdate\sms\Bandanawifiwireless\wifiwirelesss\src\main\resources
2016-10-19 10:06:10,699 [Worker-38] WARN  o.e.m.c.i.embedder.EclipseLogger - Using platform encoding (Cp1252 actually) to copy filtered resources, i.e. build is platform dependent!
2016-10-19 10:06:10,703 [Worker-38] INFO  o.e.m.c.i.embedder.EclipseLogger - skip non existing resourceDirectory F:\WifiWirelessProject\LatestUpdate\sms\Bandanawifiwireless\wifiwirelesss\src\test\resources
2016-10-19 10:06:17,100 [Worker-38] WARN  o.e.m.c.i.embedder.EclipseLogger - Using platform encoding (Cp1252 actually) to copy filtered resources, i.e. build is platform dependent!
2016-10-19 10:06:17,105 [Worker-38] INFO  o.e.m.c.i.embedder.EclipseLogger - skip non existing resourceDirectory F:\WifiWirelessProject\LatestUpdate\sms\Bandanawifiwireless\wifiwirelesss\src\main\resources
2016-10-19 10:06:17,106 [Worker-38] WARN  o.e.m.c.i.embedder.EclipseLogger - Using platform encoding (Cp1252 actually) to copy filtered resources, i.e. build is platform dependent!
2016-10-19 10:06:17,111 [Worker-38] INFO  o.e.m.c.i.embedder.EclipseLogger - skip non existing resourceDirectory F:\WifiWirelessProject\LatestUpdate\sms\Bandanawifiwireless\wifiwirelesss\src\test\resources
2016-10-19 10:07:25,972 [Worker-38] WARN  o.e.m.c.i.embedder.EclipseLogger - Using platform encoding (Cp1252 actually) to copy filtered resources, i.e. build is platform dependent!
2016-10-19 10:07:25,977 [Worker-38] INFO  o.e.m.c.i.embedder.EclipseLogger - skip non existing resourceDirectory F:\WifiWirelessProject\LatestUpdate\sms\Bandanawifiwireless\wifiwirelesss\src\main\resources
2016-10-19 10:07:25,977 [Worker-38] WARN  o.e.m.c.i.embedder.EclipseLogger - Using platform encoding (Cp1252 actually) to copy filtered resources, i.e. build is platform dependent!
2016-10-19 10:07:25,981 [Worker-38] INFO  o.e.m.c.i.embedder.EclipseLogger - skip non existing resourceDirectory F:\WifiWirelessProject\LatestUpdate\sms\Bandanawifiwireless\wifiwirelesss\src\test\resources
2016-10-19 10:12:42,487 [Worker-36] WARN  o.e.m.c.i.embedder.EclipseLogger - Using platform encoding (Cp1252 actually) to copy filtered resources, i.e. build is platform dependent!
2016-10-19 10:12:42,493 [Worker-36] INFO  o.e.m.c.i.embedder.EclipseLogger - skip non existing resourceDirectory F:\WifiWirelessProject\LatestUpdate\sms\Bandanawifiwireless\wifiwirelesss\src\main\resources
2016-10-19 10:12:42,494 [Worker-36] WARN  o.e.m.c.i.embedder.EclipseLogger - Using platform encoding (Cp1252 actually) to copy filtered resources, i.e. build is platform dependent!
2016-10-19 10:12:42,500 [Worker-36] INFO  o.e.m.c.i.embedder.EclipseLogger - skip non existing resourceDirectory F:\WifiWirelessProject\LatestUpdate\sms\Bandanawifiwireless\wifiwirelesss\src\test\resources
2016-10-19 10:12:45,354 [Worker-37] WARN  o.e.m.c.i.embedder.EclipseLogger - Using platform encoding (Cp1252 actually) to copy filtered resources, i.e. build is platform dependent!
2016-10-19 10:12:45,359 [Worker-37] INFO  o.e.m.c.i.embedder.EclipseLogger - skip non existing resourceDirectory F:\WifiWirelessProject\LatestUpdate\sms\Bandanawifiwireless\wifiwirelesss\src\main\resources
2016-10-19 10:12:45,359 [Worker-37] WARN  o.e.m.c.i.embedder.EclipseLogger - Using platform encoding (Cp1252 actually) to copy filtered resources, i.e. build is platform dependent!
2016-10-19 10:12:45,365 [Worker-37] INFO  o.e.m.c.i.embedder.EclipseLogger - skip non existing resourceDirectory F:\WifiWirelessProject\LatestUpdate\sms\Bandanawifiwireless\wifiwirelesss\src\test\resources
2016-10-19 10:13:20,664 [Worker-33] WARN  o.e.m.c.i.embedder.EclipseLogger - Using platform encoding (Cp1252 actually) to copy filtered resources, i.e. build is platform dependent!
2016-10-19 10:13:20,668 [Worker-33] INFO  o.e.m.c.i.embedder.EclipseLogger - skip non existing resourceDirectory F:\WifiWirelessProject\LatestUpdate\sms\Bandanawifiwireless\wifiwirelesss\src\main\resources
2016-10-19 10:13:20,669 [Worker-33] WARN  o.e.m.c.i.embedder.EclipseLogger - Using platform encoding (Cp1252 actually) to copy filtered resources, i.e. build is platform dependent!
2016-10-19 10:13:20,673 [Worker-33] INFO  o.e.m.c.i.embedder.EclipseLogger - skip non existing resourceDirectory F:\WifiWirelessProject\LatestUpdate\sms\Bandanawifiwireless\wifiwirelesss\src\test\resources
2016-10-19 10:25:05,810 [Worker-37] WARN  o.e.m.c.i.embedder.EclipseLogger - Using platform encoding (Cp1252 actually) to copy filtered resources, i.e. build is platform dependent!
2016-10-19 10:25:05,817 [Worker-37] INFO  o.e.m.c.i.embedder.EclipseLogger - skip non existing resourceDirectory F:\WifiWirelessProject\LatestUpdate\sms\Bandanawifiwireless\wifiwirelesss\src\main\resources
2016-10-19 10:25:05,817 [Worker-37] WARN  o.e.m.c.i.embedder.EclipseLogger - Using platform encoding (Cp1252 actually) to copy filtered resources, i.e. build is platform dependent!
2016-10-19 10:25:05,828 [Worker-37] INFO  o.e.m.c.i.embedder.EclipseLogger - skip non existing resourceDirectory F:\WifiWirelessProject\LatestUpdate\sms\Bandanawifiwireless\wifiwirelesss\src\test\resources
2016-10-19 10:25:45,802 [Worker-37] WARN  o.e.m.c.i.embedder.EclipseLogger - Using platform encoding (Cp1252 actually) to copy filtered resources, i.e. build is platform dependent!
2016-10-19 10:25:45,810 [Worker-37] INFO  o.e.m.c.i.embedder.EclipseLogger - skip non existing resourceDirectory F:\WifiWirelessProject\LatestUpdate\sms\Bandanawifiwireless\wifiwirelesss\src\main\resources
2016-10-19 10:25:45,811 [Worker-37] WARN  o.e.m.c.i.embedder.EclipseLogger - Using platform encoding (Cp1252 actually) to copy filtered resources, i.e. build is platform dependent!
2016-10-19 10:25:45,817 [Worker-37] INFO  o.e.m.c.i.embedder.EclipseLogger - skip non existing resourceDirectory F:\WifiWirelessProject\LatestUpdate\sms\Bandanawifiwireless\wifiwirelesss\src\test\resources
2016-10-19 10:27:03,117 [Worker-45] WARN  o.e.m.c.i.embedder.EclipseLogger - Using platform encoding (Cp1252 actually) to copy filtered resources, i.e. build is platform dependent!
2016-10-19 10:27:03,124 [Worker-45] INFO  o.e.m.c.i.embedder.EclipseLogger - skip non existing resourceDirectory F:\WifiWirelessProject\LatestUpdate\sms\Bandanawifiwireless\wifiwirelesss\src\main\resources
2016-10-19 10:27:03,125 [Worker-45] WARN  o.e.m.c.i.embedder.EclipseLogger - Using platform encoding (Cp1252 actually) to copy filtered resources, i.e. build is platform dependent!
2016-10-19 10:27:03,129 [Worker-45] INFO  o.e.m.c.i.embedder.EclipseLogger - skip non existing resourceDirectory F:\WifiWirelessProject\LatestUpdate\sms\Bandanawifiwireless\wifiwirelesss\src\test\resources
2016-10-19 10:27:13,043 [Worker-35] WARN  o.e.m.c.i.embedder.EclipseLogger - Using platform encoding (Cp1252 actually) to copy filtered resources, i.e. build is platform dependent!
2016-10-19 10:27:13,058 [Worker-35] INFO  o.e.m.c.i.embedder.EclipseLogger - skip non existing resourceDirectory F:\WifiWirelessProject\LatestUpdate\sms\Bandanawifiwireless\wifiwirelesss\src\main\resources
2016-10-19 10:27:13,059 [Worker-35] WARN  o.e.m.c.i.embedder.EclipseLogger - Using platform encoding (Cp1252 actually) to copy filtered resources, i.e. build is platform dependent!
2016-10-19 10:27:13,063 [Worker-35] INFO  o.e.m.c.i.embedder.EclipseLogger - skip non existing resourceDirectory F:\WifiWirelessProject\LatestUpdate\sms\Bandanawifiwireless\wifiwirelesss\src\test\resources
2016-10-19 10:27:17,372 [Worker-37] WARN  o.e.m.c.i.embedder.EclipseLogger - Using platform encoding (Cp1252 actually) to copy filtered resources, i.e. build is platform dependent!
2016-10-19 10:27:17,378 [Worker-37] INFO  o.e.m.c.i.embedder.EclipseLogger - skip non existing resourceDirectory F:\WifiWirelessProject\LatestUpdate\sms\Bandanawifiwireless\wifiwirelesss\src\main\resources
2016-10-19 10:27:17,379 [Worker-37] WARN  o.e.m.c.i.embedder.EclipseLogger - Using platform encoding (Cp1252 actually) to copy filtered resources, i.e. build is platform dependent!
2016-10-19 10:27:17,384 [Worker-37] INFO  o.e.m.c.i.embedder.EclipseLogger - skip non existing resourceDirectory F:\WifiWirelessProject\LatestUpdate\sms\Bandanawifiwireless\wifiwirelesss\src\test\resources
2016-10-19 10:27:38,123 [Worker-47] WARN  o.e.m.c.i.embedder.EclipseLogger - Using platform encoding (Cp1252 actually) to copy filtered resources, i.e. build is platform dependent!
2016-10-19 10:27:38,130 [Worker-47] INFO  o.e.m.c.i.embedder.EclipseLogger - skip non existing resourceDirectory F:\WifiWirelessProject\LatestUpdate\sms\Bandanawifiwireless\wifiwirelesss\src\main\resources
2016-10-19 10:27:38,131 [Worker-47] WARN  o.e.m.c.i.embedder.EclipseLogger - Using platform encoding (Cp1252 actually) to copy filtered resources, i.e. build is platform dependent!
2016-10-19 10:27:38,138 [Worker-47] INFO  o.e.m.c.i.embedder.EclipseLogger - skip non existing resourceDirectory F:\WifiWirelessProject\LatestUpdate\sms\Bandanawifiwireless\wifiwirelesss\src\test\resources
2016-10-19 10:27:53,271 [Worker-44] WARN  o.e.m.c.i.embedder.EclipseLogger - Using platform encoding (Cp1252 actually) to copy filtered resources, i.e. build is platform dependent!
2016-10-19 10:27:53,278 [Worker-44] INFO  o.e.m.c.i.embedder.EclipseLogger - skip non existing resourceDirectory F:\WifiWirelessProject\LatestUpdate\sms\Bandanawifiwireless\wifiwirelesss\src\main\resources
2016-10-19 10:27:53,279 [Worker-44] WARN  o.e.m.c.i.embedder.EclipseLogger - Using platform encoding (Cp1252 actually) to copy filtered resources, i.e. build is platform dependent!
2016-10-19 10:27:53,288 [Worker-44] INFO  o.e.m.c.i.embedder.EclipseLogger - skip non existing resourceDirectory F:\WifiWirelessProject\LatestUpdate\sms\Bandanawifiwireless\wifiwirelesss\src\test\resources
2016-10-19 10:28:00,967 [Worker-45] WARN  o.e.m.c.i.embedder.EclipseLogger - Using platform encoding (Cp1252 actually) to copy filtered resources, i.e. build is platform dependent!
2016-10-19 10:28:00,972 [Worker-45] INFO  o.e.m.c.i.embedder.EclipseLogger - skip non existing resourceDirectory F:\WifiWirelessProject\LatestUpdate\sms\Bandanawifiwireless\wifiwirelesss\src\main\resources
2016-10-19 10:28:00,973 [Worker-45] WARN  o.e.m.c.i.embedder.EclipseLogger - Using platform encoding (Cp1252 actually) to copy filtered resources, i.e. build is platform dependent!
2016-10-19 10:28:00,977 [Worker-45] INFO  o.e.m.c.i.embedder.EclipseLogger - skip non existing resourceDirectory F:\WifiWirelessProject\LatestUpdate\sms\Bandanawifiwireless\wifiwirelesss\src\test\resources
2016-10-19 10:28:05,567 [Worker-44] WARN  o.e.m.c.i.embedder.EclipseLogger - Using platform encoding (Cp1252 actually) to copy filtered resources, i.e. build is platform dependent!
2016-10-19 10:28:05,571 [Worker-44] INFO  o.e.m.c.i.embedder.EclipseLogger - skip non existing resourceDirectory F:\WifiWirelessProject\LatestUpdate\sms\Bandanawifiwireless\wifiwirelesss\src\main\resources
2016-10-19 10:28:05,573 [Worker-44] WARN  o.e.m.c.i.embedder.EclipseLogger - Using platform encoding (Cp1252 actually) to copy filtered resources, i.e. build is platform dependent!
2016-10-19 10:28:05,579 [Worker-44] INFO  o.e.m.c.i.embedder.EclipseLogger - skip non existing resourceDirectory F:\WifiWirelessProject\LatestUpdate\sms\Bandanawifiwireless\wifiwirelesss\src\test\resources
2016-10-19 10:28:19,221 [Worker-35] WARN  o.e.m.c.i.embedder.EclipseLogger - Using platform encoding (Cp1252 actually) to copy filtered resources, i.e. build is platform dependent!
2016-10-19 10:28:19,228 [Worker-35] INFO  o.e.m.c.i.embedder.EclipseLogger - skip non existing resourceDirectory F:\WifiWirelessProject\LatestUpdate\sms\Bandanawifiwireless\wifiwirelesss\src\main\resources
2016-10-19 10:28:19,229 [Worker-35] WARN  o.e.m.c.i.embedder.EclipseLogger - Using platform encoding (Cp1252 actually) to copy filtered resources, i.e. build is platform dependent!
2016-10-19 10:28:19,236 [Worker-35] INFO  o.e.m.c.i.embedder.EclipseLogger - skip non existing resourceDirectory F:\WifiWirelessProject\LatestUpdate\sms\Bandanawifiwireless\wifiwirelesss\src\test\resources
2016-10-19 10:29:52,761 [Worker-44] WARN  o.e.m.c.i.embedder.EclipseLogger - Using platform encoding (Cp1252 actually) to copy filtered resources, i.e. build is platform dependent!
2016-10-19 10:29:52,768 [Worker-44] INFO  o.e.m.c.i.embedder.EclipseLogger - skip non existing resourceDirectory F:\WifiWirelessProject\LatestUpdate\sms\Bandanawifiwireless\wifiwirelesss\src\main\resources
2016-10-19 10:29:52,769 [Worker-44] WARN  o.e.m.c.i.embedder.EclipseLogger - Using platform encoding (Cp1252 actually) to copy filtered resources, i.e. build is platform dependent!
2016-10-19 10:29:52,776 [Worker-44] INFO  o.e.m.c.i.embedder.EclipseLogger - skip non existing resourceDirectory F:\WifiWirelessProject\LatestUpdate\sms\Bandanawifiwireless\wifiwirelesss\src\test\resources
2016-10-19 10:30:01,815 [Worker-47] WARN  o.e.m.c.i.embedder.EclipseLogger - Using platform encoding (Cp1252 actually) to copy filtered resources, i.e. build is platform dependent!
2016-10-19 10:30:01,827 [Worker-47] INFO  o.e.m.c.i.embedder.EclipseLogger - skip non existing resourceDirectory F:\WifiWirelessProject\LatestUpdate\sms\Bandanawifiwireless\wifiwirelesss\src\main\resources
2016-10-19 10:30:01,828 [Worker-47] WARN  o.e.m.c.i.embedder.EclipseLogger - Using platform encoding (Cp1252 actually) to copy filtered resources, i.e. build is platform dependent!
2016-10-19 10:30:01,837 [Worker-47] INFO  o.e.m.c.i.embedder.EclipseLogger - skip non existing resourceDirectory F:\WifiWirelessProject\LatestUpdate\sms\Bandanawifiwireless\wifiwirelesss\src\test\resources
2016-10-19 10:30:23,626 [Worker-33] WARN  o.e.m.c.i.embedder.EclipseLogger - Using platform encoding (Cp1252 actually) to copy filtered resources, i.e. build is platform dependent!
2016-10-19 10:30:23,635 [Worker-33] INFO  o.e.m.c.i.embedder.EclipseLogger - skip non existing resourceDirectory F:\WifiWirelessProject\LatestUpdate\sms\Bandanawifiwireless\wifiwirelesss\src\main\resources
2016-10-19 10:30:23,636 [Worker-33] WARN  o.e.m.c.i.embedder.EclipseLogger - Using platform encoding (Cp1252 actually) to copy filtered resources, i.e. build is platform dependent!
2016-10-19 10:30:23,642 [Worker-33] INFO  o.e.m.c.i.embedder.EclipseLogger - skip non existing resourceDirectory F:\WifiWirelessProject\LatestUpdate\sms\Bandanawifiwireless\wifiwirelesss\src\test\resources
2016-10-19 10:32:48,157 [Worker-48] WARN  o.e.m.c.i.embedder.EclipseLogger - Using platform encoding (Cp1252 actually) to copy filtered resources, i.e. build is platform dependent!
2016-10-19 10:32:48,163 [Worker-48] INFO  o.e.m.c.i.embedder.EclipseLogger - skip non existing resourceDirectory F:\WifiWirelessProject\LatestUpdate\sms\Bandanawifiwireless\wifiwirelesss\src\main\resources
2016-10-19 10:32:48,164 [Worker-48] WARN  o.e.m.c.i.embedder.EclipseLogger - Using platform encoding (Cp1252 actually) to copy filtered resources, i.e. build is platform dependent!
2016-10-19 10:32:48,170 [Worker-48] INFO  o.e.m.c.i.embedder.EclipseLogger - skip non existing resourceDirectory F:\WifiWirelessProject\LatestUpdate\sms\Bandanawifiwireless\wifiwirelesss\src\test\resources
2016-10-19 10:33:08,061 [Worker-50] WARN  o.e.m.c.i.embedder.EclipseLogger - Using platform encoding (Cp1252 actually) to copy filtered resources, i.e. build is platform dependent!
2016-10-19 10:33:08,069 [Worker-50] INFO  o.e.m.c.i.embedder.EclipseLogger - skip non existing resourceDirectory F:\WifiWirelessProject\LatestUpdate\sms\Bandanawifiwireless\wifiwirelesss\src\main\resources
2016-10-19 10:33:08,070 [Worker-50] WARN  o.e.m.c.i.embedder.EclipseLogger - Using platform encoding (Cp1252 actually) to copy filtered resources, i.e. build is platform dependent!
2016-10-19 10:33:08,076 [Worker-50] INFO  o.e.m.c.i.embedder.EclipseLogger - skip non existing resourceDirectory F:\WifiWirelessProject\LatestUpdate\sms\Bandanawifiwireless\wifiwirelesss\src\test\resources
2016-10-19 10:33:44,336 [Worker-49] WARN  o.e.m.c.i.embedder.EclipseLogger - Using platform encoding (Cp1252 actually) to copy filtered resources, i.e. build is platform dependent!
2016-10-19 10:33:44,343 [Worker-49] INFO  o.e.m.c.i.embedder.EclipseLogger - skip non existing resourceDirectory F:\WifiWirelessProject\LatestUpdate\sms\Bandanawifiwireless\wifiwirelesss\src\main\resources
2016-10-19 10:33:44,344 [Worker-49] WARN  o.e.m.c.i.embedder.EclipseLogger - Using platform encoding (Cp1252 actually) to copy filtered resources, i.e. build is platform dependent!
2016-10-19 10:33:44,352 [Worker-49] INFO  o.e.m.c.i.embedder.EclipseLogger - skip non existing resourceDirectory F:\WifiWirelessProject\LatestUpdate\sms\Bandanawifiwireless\wifiwirelesss\src\test\resources
2016-10-19 10:54:37,991 [Worker-54] WARN  o.e.m.c.i.embedder.EclipseLogger - Using platform encoding (Cp1252 actually) to copy filtered resources, i.e. build is platform dependent!
2016-10-19 10:54:38,040 [Worker-54] INFO  o.e.m.c.i.embedder.EclipseLogger - skip non existing resourceDirectory F:\WifiWirelessProject\LatestUpdate\sms\Bandanawifiwireless\wifiwirelesss\src\main\resources
2016-10-19 10:54:38,041 [Worker-54] WARN  o.e.m.c.i.embedder.EclipseLogger - Using platform encoding (Cp1252 actually) to copy filtered resources, i.e. build is platform dependent!
2016-10-19 10:54:38,046 [Worker-54] INFO  o.e.m.c.i.embedder.EclipseLogger - skip non existing resourceDirectory F:\WifiWirelessProject\LatestUpdate\sms\Bandanawifiwireless\wifiwirelesss\src\test\resources
2016-10-19 10:54:49,580 [Worker-45] WARN  o.e.m.c.i.embedder.EclipseLogger - Using platform encoding (Cp1252 actually) to copy filtered resources, i.e. build is platform dependent!
2016-10-19 10:54:49,586 [Worker-45] INFO  o.e.m.c.i.embedder.EclipseLogger - skip non existing resourceDirectory F:\WifiWirelessProject\LatestUpdate\sms\Bandanawifiwireless\wifiwirelesss\src\main\resources
2016-10-19 10:54:49,587 [Worker-45] WARN  o.e.m.c.i.embedder.EclipseLogger - Using platform encoding (Cp1252 actually) to copy filtered resources, i.e. build is platform dependent!
2016-10-19 10:54:49,591 [Worker-45] INFO  o.e.m.c.i.embedder.EclipseLogger - skip non existing resourceDirectory F:\WifiWirelessProject\LatestUpdate\sms\Bandanawifiwireless\wifiwirelesss\src\test\resources
2016-10-19 10:56:02,796 [Worker-45] WARN  o.e.m.c.i.embedder.EclipseLogger - Using platform encoding (Cp1252 actually) to copy filtered resources, i.e. build is platform dependent!
2016-10-19 10:56:02,804 [Worker-45] INFO  o.e.m.c.i.embedder.EclipseLogger - skip non existing resourceDirectory F:\WifiWirelessProject\LatestUpdate\sms\Bandanawifiwireless\wifiwirelesss\src\main\resources
2016-10-19 10:56:02,806 [Worker-45] WARN  o.e.m.c.i.embedder.EclipseLogger - Using platform encoding (Cp1252 actually) to copy filtered resources, i.e. build is platform dependent!
2016-10-19 10:56:02,814 [Worker-45] INFO  o.e.m.c.i.embedder.EclipseLogger - skip non existing resourceDirectory F:\WifiWirelessProject\LatestUpdate\sms\Bandanawifiwireless\wifiwirelesss\src\test\resources
2016-10-19 11:32:43,085 [Worker-48] WARN  o.e.m.c.i.embedder.EclipseLogger - Using platform encoding (Cp1252 actually) to copy filtered resources, i.e. build is platform dependent!
2016-10-19 11:32:43,146 [Worker-48] INFO  o.e.m.c.i.embedder.EclipseLogger - skip non existing resourceDirectory F:\WifiWirelessProject\LatestUpdate\sms\Bandanawifiwireless\wifiwirelesss\src\main\resources
2016-10-19 11:32:43,147 [Worker-48] WARN  o.e.m.c.i.embedder.EclipseLogger - Using platform encoding (Cp1252 actually) to copy filtered resources, i.e. build is platform dependent!
2016-10-19 11:32:43,151 [Worker-48] INFO  o.e.m.c.i.embedder.EclipseLogger - skip non existing resourceDirectory F:\WifiWirelessProject\LatestUpdate\sms\Bandanawifiwireless\wifiwirelesss\src\test\resources
2016-10-19 11:34:35,489 [Worker-58] WARN  o.e.m.c.i.embedder.EclipseLogger - Using platform encoding (Cp1252 actually) to copy filtered resources, i.e. build is platform dependent!
2016-10-19 11:34:35,515 [Worker-58] INFO  o.e.m.c.i.embedder.EclipseLogger - Copying 0 resource
2016-10-19 11:34:35,516 [Worker-58] WARN  o.e.m.c.i.embedder.EclipseLogger - Using platform encoding (Cp1252 actually) to copy filtered resources, i.e. build is platform dependent!
2016-10-19 11:34:35,521 [Worker-58] INFO  o.e.m.c.i.embedder.EclipseLogger - skip non existing resourceDirectory F:\WifiWirelessProject\LatestUpdate\sms\Bandanawifiwireless\wifiwirelesss\src\test\resources
2016-10-19 11:34:46,888 [Worker-58] INFO  o.e.m.w.i.f.ResourceFilteringBuildParticipant - Cleaning filtered folder for Wifiwirelessweb
2016-10-19 11:34:46,911 [Worker-58] INFO  o.e.m.w.i.f.ResourceFilteringBuildParticipant - Cleaning filtered folder for wifiwirelesss
2016-10-19 11:34:47,838 [Worker-48] WARN  o.e.m.c.i.embedder.EclipseLogger - Using platform encoding (Cp1252 actually) to copy filtered resources, i.e. build is platform dependent!
2016-10-19 11:34:47,846 [Worker-48] INFO  o.e.m.c.i.embedder.EclipseLogger - skip non existing resourceDirectory F:\WifiWirelessProject\LatestUpdate\sms\Bandanawifiwireless\wifiwirelesspersistence\src\main\resources
2016-10-19 11:34:47,847 [Worker-48] WARN  o.e.m.c.i.embedder.EclipseLogger - Using platform encoding (Cp1252 actually) to copy filtered resources, i.e. build is platform dependent!
2016-10-19 11:34:47,859 [Worker-48] INFO  o.e.m.c.i.embedder.EclipseLogger - skip non existing resourceDirectory F:\WifiWirelessProject\LatestUpdate\sms\Bandanawifiwireless\wifiwirelesspersistence\src\test\resources
2016-10-19 11:34:49,559 [Worker-55] WARN  o.e.m.c.i.embedder.EclipseLogger - Using platform encoding (Cp1252 actually) to copy filtered resources, i.e. build is platform dependent!
2016-10-19 11:34:49,572 [Worker-55] INFO  o.e.m.c.i.embedder.EclipseLogger - Copying 1 resource
2016-10-19 11:34:49,574 [Worker-55] WARN  o.e.m.c.i.embedder.EclipseLogger - Using platform encoding (Cp1252 actually) to copy filtered resources, i.e. build is platform dependent!
2016-10-19 11:34:49,579 [Worker-55] INFO  o.e.m.c.i.embedder.EclipseLogger - skip non existing resourceDirectory F:\WifiWirelessProject\LatestUpdate\sms\Bandanawifiwireless\wifiwirelessdatabase\src\test\resources
2016-10-19 11:34:49,677 [Worker-55] WARN  o.e.m.c.i.embedder.EclipseLogger - Using platform encoding (Cp1252 actually) to copy filtered resources, i.e. build is platform dependent!
2016-10-19 11:34:49,682 [Worker-55] INFO  o.e.m.c.i.embedder.EclipseLogger - skip non existing resourceDirectory F:\WifiWirelessProject\LatestUpdate\sms\Bandanawifiwireless\Wifiwirelessweb\src\main\resources
2016-10-19 11:34:49,682 [Worker-55] WARN  o.e.m.c.i.embedder.EclipseLogger - Using platform encoding (Cp1252 actually) to copy filtered resources, i.e. build is platform dependent!
2016-10-19 11:34:49,686 [Worker-55] INFO  o.e.m.c.i.embedder.EclipseLogger - skip non existing resourceDirectory F:\WifiWirelessProject\LatestUpdate\sms\Bandanawifiwireless\Wifiwirelessweb\src\test\resources
2016-10-19 11:34:49,686 [Worker-55] INFO  o.e.m.w.i.f.ResourceFilteringBuildParticipant - Changed resources require a complete clean of filtered resources of Wifiwirelessweb
2016-10-19 11:34:49,686 [Worker-55] INFO  o.e.m.w.i.f.ResourceFilteringBuildParticipant - Executing resource filtering for Wifiwirelessweb
2016-10-19 11:34:51,101 [Worker-55] WARN  o.e.m.c.i.embedder.EclipseLogger - Using platform encoding (Cp1252 actually) to copy filtered resources, i.e. build is platform dependent!
2016-10-19 11:34:51,424 [Worker-60] WARN  o.e.m.c.i.embedder.EclipseLogger - Using platform encoding (Cp1252 actually) to copy filtered resources, i.e. build is platform dependent!
2016-10-19 11:34:51,428 [Worker-60] INFO  o.e.m.c.i.embedder.EclipseLogger - Copying 0 resource
2016-10-19 11:34:51,429 [Worker-60] WARN  o.e.m.c.i.embedder.EclipseLogger - Using platform encoding (Cp1252 actually) to copy filtered resources, i.e. build is platform dependent!
2016-10-19 11:34:51,433 [Worker-60] INFO  o.e.m.c.i.embedder.EclipseLogger - skip non existing resourceDirectory F:\WifiWirelessProject\LatestUpdate\sms\Bandanawifiwireless\wifiwirelesss\src\test\resources
2016-10-19 11:34:51,434 [Worker-60] INFO  o.e.m.w.i.f.ResourceFilteringBuildParticipant - Changed resources require a complete clean of filtered resources of wifiwirelesss
2016-10-19 11:34:51,434 [Worker-60] INFO  o.e.m.w.i.f.ResourceFilteringBuildParticipant - Executing resource filtering for wifiwirelesss
2016-10-19 11:34:51,436 [Worker-60] WARN  o.e.m.c.i.embedder.EclipseLogger - Using platform encoding (Cp1252 actually) to copy filtered resources, i.e. build is platform dependent!
2016-10-19 11:35:16,175 [Worker-62] WARN  o.e.m.c.i.embedder.EclipseLogger - Using platform encoding (Cp1252 actually) to copy filtered resources, i.e. build is platform dependent!
2016-10-19 11:35:16,247 [Worker-62] INFO  o.e.m.c.i.embedder.EclipseLogger - Copying 0 resource
2016-10-19 11:35:16,248 [Worker-62] WARN  o.e.m.c.i.embedder.EclipseLogger - Using platform encoding (Cp1252 actually) to copy filtered resources, i.e. build is platform dependent!
2016-10-19 11:35:16,252 [Worker-62] INFO  o.e.m.c.i.embedder.EclipseLogger - skip non existing resourceDirectory F:\WifiWirelessProject\LatestUpdate\sms\Bandanawifiwireless\wifiwirelesss\src\test\resources
2016-10-19 11:35:47,416 [Worker-58] WARN  o.e.m.c.i.embedder.EclipseLogger - Using platform encoding (Cp1252 actually) to copy filtered resources, i.e. build is platform dependent!
2016-10-19 11:35:47,427 [Worker-58] INFO  o.e.m.c.i.embedder.EclipseLogger - Copying 1 resource
2016-10-19 11:35:47,429 [Worker-58] WARN  o.e.m.c.i.embedder.EclipseLogger - Using platform encoding (Cp1252 actually) to copy filtered resources, i.e. build is platform dependent!
2016-10-19 11:35:47,433 [Worker-58] INFO  o.e.m.c.i.embedder.EclipseLogger - skip non existing resourceDirectory F:\WifiWirelessProject\LatestUpdate\sms\Bandanawifiwireless\wifiwirelesss\src\test\resources
2016-10-19 11:35:57,613 [Worker-60] WARN  o.e.m.c.i.embedder.EclipseLogger - Using platform encoding (Cp1252 actually) to copy filtered resources, i.e. build is platform dependent!
2016-10-19 11:35:57,617 [Worker-60] INFO  o.e.m.c.i.embedder.EclipseLogger - Copying 1 resource
2016-10-19 11:35:57,619 [Worker-60] WARN  o.e.m.c.i.embedder.EclipseLogger - Using platform encoding (Cp1252 actually) to copy filtered resources, i.e. build is platform dependent!
2016-10-19 11:35:57,623 [Worker-60] INFO  o.e.m.c.i.embedder.EclipseLogger - skip non existing resourceDirectory F:\WifiWirelessProject\LatestUpdate\sms\Bandanawifiwireless\wifiwirelesss\src\test\resources
2016-10-19 11:36:18,846 [Worker-58] WARN  o.e.m.c.i.embedder.EclipseLogger - Using platform encoding (Cp1252 actually) to copy filtered resources, i.e. build is platform dependent!
2016-10-19 11:36:18,857 [Worker-58] INFO  o.e.m.c.i.embedder.EclipseLogger - Copying 1 resource
2016-10-19 11:36:18,858 [Worker-58] WARN  o.e.m.c.i.embedder.EclipseLogger - Using platform encoding (Cp1252 actually) to copy filtered resources, i.e. build is platform dependent!
2016-10-19 11:36:18,862 [Worker-58] INFO  o.e.m.c.i.embedder.EclipseLogger - skip non existing resourceDirectory F:\WifiWirelessProject\LatestUpdate\sms\Bandanawifiwireless\wifiwirelesss\src\test\resources
2016-10-19 11:36:26,963 [Worker-58] WARN  o.e.m.c.i.embedder.EclipseLogger - Using platform encoding (Cp1252 actually) to copy filtered resources, i.e. build is platform dependent!
2016-10-19 11:36:26,971 [Worker-58] INFO  o.e.m.c.i.embedder.EclipseLogger - Copying 1 resource
2016-10-19 11:36:26,972 [Worker-58] WARN  o.e.m.c.i.embedder.EclipseLogger - Using platform encoding (Cp1252 actually) to copy filtered resources, i.e. build is platform dependent!
2016-10-19 11:36:26,976 [Worker-58] INFO  o.e.m.c.i.embedder.EclipseLogger - skip non existing resourceDirectory F:\WifiWirelessProject\LatestUpdate\sms\Bandanawifiwireless\wifiwirelesss\src\test\resources
2016-10-19 11:36:45,448 [Worker-58] WARN  o.e.m.c.i.embedder.EclipseLogger - Using platform encoding (Cp1252 actually) to copy filtered resources, i.e. build is platform dependent!
2016-10-19 11:36:45,453 [Worker-58] INFO  o.e.m.c.i.embedder.EclipseLogger - Copying 1 resource
2016-10-19 11:36:45,453 [Worker-58] WARN  o.e.m.c.i.embedder.EclipseLogger - Using platform encoding (Cp1252 actually) to copy filtered resources, i.e. build is platform dependent!
2016-10-19 11:36:45,457 [Worker-58] INFO  o.e.m.c.i.embedder.EclipseLogger - skip non existing resourceDirectory F:\WifiWirelessProject\LatestUpdate\sms\Bandanawifiwireless\wifiwirelesss\src\test\resources
2016-10-19 11:37:00,986 [Worker-61] WARN  o.e.m.c.i.embedder.EclipseLogger - Using platform encoding (Cp1252 actually) to copy filtered resources, i.e. build is platform dependent!
2016-10-19 11:37:00,993 [Worker-61] INFO  o.e.m.c.i.embedder.EclipseLogger - Copying 1 resource
2016-10-19 11:37:00,993 [Worker-61] WARN  o.e.m.c.i.embedder.EclipseLogger - Using platform encoding (Cp1252 actually) to copy filtered resources, i.e. build is platform dependent!
2016-10-19 11:37:00,998 [Worker-61] INFO  o.e.m.c.i.embedder.EclipseLogger - skip non existing resourceDirectory F:\WifiWirelessProject\LatestUpdate\sms\Bandanawifiwireless\wifiwirelesss\src\test\resources
2016-10-19 11:37:11,817 [Worker-64] WARN  o.e.m.c.i.embedder.EclipseLogger - Using platform encoding (Cp1252 actually) to copy filtered resources, i.e. build is platform dependent!
2016-10-19 11:37:11,829 [Worker-64] INFO  o.e.m.c.i.embedder.EclipseLogger - Copying 1 resource
2016-10-19 11:37:11,831 [Worker-64] WARN  o.e.m.c.i.embedder.EclipseLogger - Using platform encoding (Cp1252 actually) to copy filtered resources, i.e. build is platform dependent!
2016-10-19 11:37:11,839 [Worker-64] INFO  o.e.m.c.i.embedder.EclipseLogger - skip non existing resourceDirectory F:\WifiWirelessProject\LatestUpdate\sms\Bandanawifiwireless\wifiwirelesss\src\test\resources
2016-10-19 11:37:59,198 [Worker-58] WARN  o.e.m.c.i.embedder.EclipseLogger - Using platform encoding (Cp1252 actually) to copy filtered resources, i.e. build is platform dependent!
2016-10-19 11:37:59,203 [Worker-58] INFO  o.e.m.c.i.embedder.EclipseLogger - Copying 1 resource
2016-10-19 11:37:59,204 [Worker-58] WARN  o.e.m.c.i.embedder.EclipseLogger - Using platform encoding (Cp1252 actually) to copy filtered resources, i.e. build is platform dependent!
2016-10-19 11:37:59,208 [Worker-58] INFO  o.e.m.c.i.embedder.EclipseLogger - skip non existing resourceDirectory F:\WifiWirelessProject\LatestUpdate\sms\Bandanawifiwireless\wifiwirelesss\src\test\resources
2016-10-19 11:38:29,145 [Worker-63] WARN  o.e.m.c.i.embedder.EclipseLogger - Using platform encoding (Cp1252 actually) to copy filtered resources, i.e. build is platform dependent!
2016-10-19 11:38:29,150 [Worker-63] INFO  o.e.m.c.i.embedder.EclipseLogger - Copying 1 resource
2016-10-19 11:38:29,151 [Worker-63] WARN  o.e.m.c.i.embedder.EclipseLogger - Using platform encoding (Cp1252 actually) to copy filtered resources, i.e. build is platform dependent!
2016-10-19 11:38:29,154 [Worker-63] INFO  o.e.m.c.i.embedder.EclipseLogger - skip non existing resourceDirectory F:\WifiWirelessProject\LatestUpdate\sms\Bandanawifiwireless\wifiwirelesss\src\test\resources
2016-10-19 11:38:34,153 [Worker-63] WARN  o.e.m.c.i.embedder.EclipseLogger - Using platform encoding (Cp1252 actually) to copy filtered resources, i.e. build is platform dependent!
2016-10-19 11:38:34,157 [Worker-63] INFO  o.e.m.c.i.embedder.EclipseLogger - Copying 1 resource
2016-10-19 11:38:34,158 [Worker-63] WARN  o.e.m.c.i.embedder.EclipseLogger - Using platform encoding (Cp1252 actually) to copy filtered resources, i.e. build is platform dependent!
2016-10-19 11:38:34,162 [Worker-63] INFO  o.e.m.c.i.embedder.EclipseLogger - skip non existing resourceDirectory F:\WifiWirelessProject\LatestUpdate\sms\Bandanawifiwireless\wifiwirelesss\src\test\resources
2016-10-19 11:38:59,354 [Worker-65] WARN  o.e.m.c.i.embedder.EclipseLogger - Using platform encoding (Cp1252 actually) to copy filtered resources, i.e. build is platform dependent!
2016-10-19 11:38:59,360 [Worker-65] INFO  o.e.m.c.i.embedder.EclipseLogger - Copying 1 resource
2016-10-19 11:38:59,361 [Worker-65] WARN  o.e.m.c.i.embedder.EclipseLogger - Using platform encoding (Cp1252 actually) to copy filtered resources, i.e. build is platform dependent!
2016-10-19 11:38:59,367 [Worker-65] INFO  o.e.m.c.i.embedder.EclipseLogger - skip non existing resourceDirectory F:\WifiWirelessProject\LatestUpdate\sms\Bandanawifiwireless\wifiwirelesss\src\test\resources
2016-10-19 11:39:26,318 [Worker-63] WARN  o.e.m.c.i.embedder.EclipseLogger - Using platform encoding (Cp1252 actually) to copy filtered resources, i.e. build is platform dependent!
2016-10-19 11:39:26,334 [Worker-63] INFO  o.e.m.c.i.embedder.EclipseLogger - Copying 1 resource
2016-10-19 11:39:26,335 [Worker-63] WARN  o.e.m.c.i.embedder.EclipseLogger - Using platform encoding (Cp1252 actually) to copy filtered resources, i.e. build is platform dependent!
2016-10-19 11:39:26,339 [Worker-63] INFO  o.e.m.c.i.embedder.EclipseLogger - skip non existing resourceDirectory F:\WifiWirelessProject\LatestUpdate\sms\Bandanawifiwireless\wifiwirelesss\src\test\resources
2016-10-19 11:41:48,129 [Worker-61] INFO  o.e.m.c.i.l.LifecycleMappingFactory - Using org.maven.ide.eclipse.wtp.WarLifecycleMapping lifecycle mapping for MavenProject: com.wifiwirelesss.webservice:wifiwirelesss:0.0.1-SNAPSHOT @ F:\WifiWirelessProject\LatestUpdate\sms\Bandanawifiwireless\wifiwirelesss\pom.xml.
2016-10-19 11:41:49,067 [Worker-61] WARN  o.e.m.c.i.embedder.EclipseLogger - The artifact org.apache.commons:commons-io:jar:1.3.2 has been relocated to commons-io:commons-io:jar:1.3.2
2016-10-19 11:41:49,313 [Worker-61] WARN  o.e.m.c.i.embedder.EclipseLogger - The artifact org.apache.commons:commons-io:jar:1.3.2 has been relocated to commons-io:commons-io:jar:1.3.2
2016-10-19 11:41:49,366 [Worker-61] WARN  o.e.m.c.i.embedder.EclipseLogger - The artifact org.apache.commons:commons-io:jar:1.3.2 has been relocated to commons-io:commons-io:jar:1.3.2
2016-10-19 11:41:49,549 [Worker-61] WARN  o.e.m.c.i.embedder.EclipseLogger - Using platform encoding (Cp1252 actually) to copy filtered resources, i.e. build is platform dependent!
2016-10-19 11:41:49,554 [Worker-61] INFO  o.e.m.c.i.embedder.EclipseLogger - Copying 1 resource
2016-10-19 11:41:49,555 [Worker-61] WARN  o.e.m.c.i.embedder.EclipseLogger - Using platform encoding (Cp1252 actually) to copy filtered resources, i.e. build is platform dependent!
2016-10-19 11:41:49,560 [Worker-61] INFO  o.e.m.c.i.embedder.EclipseLogger - skip non existing resourceDirectory F:\WifiWirelessProject\LatestUpdate\sms\Bandanawifiwireless\wifiwirelesss\src\test\resources
2016-10-19 11:41:49,560 [Worker-61] INFO  o.e.m.w.i.f.ResourceFilteringBuildParticipant - Changed resources require a complete clean of filtered resources of wifiwirelesss
2016-10-19 11:41:49,560 [Worker-61] INFO  o.e.m.w.i.f.ResourceFilteringBuildParticipant - Executing resource filtering for wifiwirelesss
2016-10-19 11:41:49,566 [Worker-61] WARN  o.e.m.c.i.embedder.EclipseLogger - Using platform encoding (Cp1252 actually) to copy filtered resources, i.e. build is platform dependent!
2016-10-19 11:41:50,944 [Worker-62] WARN  o.e.m.c.i.embedder.EclipseLogger - The artifact org.apache.commons:commons-io:jar:1.3.2 has been relocated to commons-io:commons-io:jar:1.3.2
2016-10-19 11:41:50,975 [Worker-62] WARN  o.e.m.c.i.embedder.EclipseLogger - Using platform encoding (Cp1252 actually) to copy filtered resources, i.e. build is platform dependent!
2016-10-19 11:41:50,983 [Worker-62] INFO  o.e.m.c.i.embedder.EclipseLogger - Copying 1 resource
2016-10-19 11:41:50,984 [Worker-62] WARN  o.e.m.c.i.embedder.EclipseLogger - Using platform encoding (Cp1252 actually) to copy filtered resources, i.e. build is platform dependent!
2016-10-19 11:41:50,988 [Worker-62] INFO  o.e.m.c.i.embedder.EclipseLogger - skip non existing resourceDirectory F:\WifiWirelessProject\LatestUpdate\sms\Bandanawifiwireless\wifiwirelesss\src\test\resources
2016-10-19 11:42:01,534 [Worker-62] WARN  o.e.m.c.i.embedder.EclipseLogger - Using platform encoding (Cp1252 actually) to copy filtered resources, i.e. build is platform dependent!
2016-10-19 11:42:01,541 [Worker-62] INFO  o.e.m.c.i.embedder.EclipseLogger - Copying 1 resource
2016-10-19 11:42:01,542 [Worker-62] WARN  o.e.m.c.i.embedder.EclipseLogger - Using platform encoding (Cp1252 actually) to copy filtered resources, i.e. build is platform dependent!
2016-10-19 11:42:01,547 [Worker-62] INFO  o.e.m.c.i.embedder.EclipseLogger - skip non existing resourceDirectory F:\WifiWirelessProject\LatestUpdate\sms\Bandanawifiwireless\wifiwirelesss\src\test\resources
2016-10-19 11:42:16,584 [Worker-58] WARN  o.e.m.c.i.embedder.EclipseLogger - Using platform encoding (Cp1252 actually) to copy filtered resources, i.e. build is platform dependent!
2016-10-19 11:42:16,589 [Worker-58] INFO  o.e.m.c.i.embedder.EclipseLogger - Copying 1 resource
2016-10-19 11:42:16,590 [Worker-58] WARN  o.e.m.c.i.embedder.EclipseLogger - Using platform encoding (Cp1252 actually) to copy filtered resources, i.e. build is platform dependent!
2016-10-19 11:42:16,594 [Worker-58] INFO  o.e.m.c.i.embedder.EclipseLogger - skip non existing resourceDirectory F:\WifiWirelessProject\LatestUpdate\sms\Bandanawifiwireless\wifiwirelesss\src\test\resources
2016-10-19 11:42:27,266 [Worker-66] WARN  o.e.m.c.i.embedder.EclipseLogger - Using platform encoding (Cp1252 actually) to copy filtered resources, i.e. build is platform dependent!
2016-10-19 11:42:27,275 [Worker-66] INFO  o.e.m.c.i.embedder.EclipseLogger - Copying 1 resource
2016-10-19 11:42:27,276 [Worker-66] WARN  o.e.m.c.i.embedder.EclipseLogger - Using platform encoding (Cp1252 actually) to copy filtered resources, i.e. build is platform dependent!
2016-10-19 11:42:27,282 [Worker-66] INFO  o.e.m.c.i.embedder.EclipseLogger - skip non existing resourceDirectory F:\WifiWirelessProject\LatestUpdate\sms\Bandanawifiwireless\wifiwirelesss\src\test\resources
2016-10-19 11:43:04,038 [Worker-64] INFO  o.e.m.c.i.e.AbstractTransferListenerAdapter - Downloading https://repo.maven.apache.org/maven2/org/freemarker/freemarker/2.3.18/freemarker-2.3.18-sources.jar
2016-10-19 11:43:05,814 [Worker-64] INFO  o.e.m.c.i.e.AbstractTransferListenerAdapter - Downloaded https://repo.maven.apache.org/maven2/org/freemarker/freemarker/2.3.18/freemarker-2.3.18-sources.jar
2016-10-19 11:43:06,064 [Worker-64] INFO  o.e.m.j.internal.DownloadSourcesJob - Downloaded sources for org.freemarker:freemarker:2.3.18
2016-10-19 11:43:06,325 [Worker-58] WARN  o.e.m.c.i.embedder.EclipseLogger - Using platform encoding (Cp1252 actually) to copy filtered resources, i.e. build is platform dependent!
2016-10-19 11:43:06,347 [Worker-58] INFO  o.e.m.c.i.embedder.EclipseLogger - Copying 0 resource
2016-10-19 11:43:06,348 [Worker-58] WARN  o.e.m.c.i.embedder.EclipseLogger - Using platform encoding (Cp1252 actually) to copy filtered resources, i.e. build is platform dependent!
2016-10-19 11:43:06,356 [Worker-58] INFO  o.e.m.c.i.embedder.EclipseLogger - skip non existing resourceDirectory F:\WifiWirelessProject\LatestUpdate\sms\Bandanawifiwireless\wifiwirelesss\src\test\resources
2016-10-19 11:43:09,293 [Worker-66] WARN  o.e.m.c.i.embedder.EclipseLogger - Using platform encoding (Cp1252 actually) to copy filtered resources, i.e. build is platform dependent!
2016-10-19 11:43:09,297 [Worker-66] INFO  o.e.m.c.i.embedder.EclipseLogger - Copying 1 resource
2016-10-19 11:43:09,298 [Worker-66] WARN  o.e.m.c.i.embedder.EclipseLogger - Using platform encoding (Cp1252 actually) to copy filtered resources, i.e. build is platform dependent!
2016-10-19 11:43:09,304 [Worker-66] INFO  o.e.m.c.i.embedder.EclipseLogger - skip non existing resourceDirectory F:\WifiWirelessProject\LatestUpdate\sms\Bandanawifiwireless\wifiwirelesss\src\test\resources
2016-10-19 11:43:36,596 [Worker-60] WARN  o.e.m.c.i.embedder.EclipseLogger - Using platform encoding (Cp1252 actually) to copy filtered resources, i.e. build is platform dependent!
2016-10-19 11:43:36,601 [Worker-60] INFO  o.e.m.c.i.embedder.EclipseLogger - Copying 1 resource
2016-10-19 11:43:36,602 [Worker-60] WARN  o.e.m.c.i.embedder.EclipseLogger - Using platform encoding (Cp1252 actually) to copy filtered resources, i.e. build is platform dependent!
2016-10-19 11:43:36,606 [Worker-60] INFO  o.e.m.c.i.embedder.EclipseLogger - skip non existing resourceDirectory F:\WifiWirelessProject\LatestUpdate\sms\Bandanawifiwireless\wifiwirelesss\src\test\resources
2016-10-19 11:44:14,387 [Worker-66] WARN  o.e.m.c.i.embedder.EclipseLogger - Using platform encoding (Cp1252 actually) to copy filtered resources, i.e. build is platform dependent!
2016-10-19 11:44:14,392 [Worker-66] INFO  o.e.m.c.i.embedder.EclipseLogger - Copying 1 resource
2016-10-19 11:44:14,393 [Worker-66] WARN  o.e.m.c.i.embedder.EclipseLogger - Using platform encoding (Cp1252 actually) to copy filtered resources, i.e. build is platform dependent!
2016-10-19 11:44:14,399 [Worker-66] INFO  o.e.m.c.i.embedder.EclipseLogger - skip non existing resourceDirectory F:\WifiWirelessProject\LatestUpdate\sms\Bandanawifiwireless\wifiwirelesss\src\test\resources
